*** Using Compiler 'V5.06 update 6 (build 750)', folder: 'C:\Keil_v5\ARM\ARMCC\Bin'
Build target 'Breaker'
assembling startup_stm32h743xx.s...
compiling gpio.c...
compiling main.c...
compiling freertos.c...
compiling Dwin.c...
compiling dma.c...
compiling stm32h7xx_it.c...
compiling tim.c...
compiling usart.c...
compiling stm32h7xx_hal_msp.c...
compiling stm32h7xx_hal_timebase_tim.c...
compiling stm32h7xx_hal_cortex.c...
compiling stm32h7xx_hal_flash.c...
compiling stm32h7xx_hal_rcc.c...
compiling stm32h7xx_hal_flash_ex.c...
compiling stm32h7xx_hal_rcc_ex.c...
compiling stm32h7xx_hal_gpio.c...
compiling stm32h7xx_hal_hsem.c...
compiling stm32h7xx_hal_mdma.c...
compiling stm32h7xx_hal_dma.c...
compiling stm32h7xx_hal_dma_ex.c...
compiling stm32h7xx_hal_pwr.c...
compiling stm32h7xx_hal_pwr_ex.c...
compiling stm32h7xx_hal_i2c_ex.c...
compiling stm32h7xx_hal.c...
compiling stm32h7xx_hal_exti.c...
compiling stm32h7xx_hal_i2c.c...
compiling stm32h7xx_hal_tim.c...
compiling stm32h7xx_hal_tim_ex.c...
compiling stm32h7xx_hal_uart_ex.c...
compiling system_stm32h7xx.c...
compiling event_groups.c...
compiling stm32h7xx_hal_uart.c...
compiling croutine.c...
compiling timers.c...
compiling queue.c...
compiling stream_buffer.c...
compiling list.c...
compiling tasks.c...
compiling heap_4.c...
compiling port.c...
compiling cmsis_os.c...
linking...
Program Size: Code=30768 RO-data=840 RW-data=156 ZI-data=28828  
FromELF: creating hex file...
"Breaker\Breaker.axf" - 0 Error(s), 0 Warning(s).
Build Time Elapsed:  00:00:09
